TN:
SF:src\app.controller.ts
FN:8,(anonymous_2)
FN:13,(anonymous_3)
FNF:2
FNH:0
FNDA:0,(anonymous_2)
FNDA:0,(anonymous_3)
DA:1,0
DA:2,0
DA:3,0
DA:7,0
DA:8,0
DA:13,0
DA:14,0
LF:7
LH:0
BRDA:8,0,0,0
BRDA:8,0,1,0
BRDA:8,1,0,0
BRDA:8,1,1,0
BRF:4
BRH:0
end_of_record
TN:
SF:src\app.service.ts
FN:5,(anonymous_1)
FNF:1
FNH:0
FNDA:0,(anonymous_1)
DA:1,0
DA:4,0
DA:6,0
LF:3
LH:0
BRF:0
BRH:0
end_of_record
TN:
SF:src\tracing.ts
FN:39,(anonymous_0)
FN:40,(anonymous_1)
FNF:2
FNH:0
FNDA:0,(anonymous_0)
FNDA:0,(anonymous_1)
DA:15,0
DA:16,0
DA:17,0
DA:19,0
DA:21,0
DA:23,0
DA:24,0
DA:37,0
DA:39,0
DA:40,0
DA:41,0
DA:42,0
DA:44,0
DA:50,0
LF:14
LH:0
BRDA:23,0,0,0
BRDA:25,1,0,0
BRDA:25,1,1,0
BRDA:27,2,0,0
BRDA:27,2,1,0
BRF:5
BRH:0
end_of_record
TN:
SF:src\common\context\request-context.ts
FN:9,getRequestId
FNF:1
FNH:0
FNDA:0,getRequestId
DA:1,0
DA:7,0
DA:9,0
DA:10,0
LF:4
LH:0
BRF:0
BRH:0
end_of_record
TN:
SF:src\common\crypto\kms-key.provider.ts
FN:37,(anonymous_2)
FN:48,(anonymous_3)
FN:59,(anonymous_4)
FN:63,(anonymous_5)
FN:67,(anonymous_6)
FN:71,(anonymous_7)
FN:93,(anonymous_8)
FNF:7
FNH:0
FNDA:0,(anonymous_2)
FNDA:0,(anonymous_3)
FNDA:0,(anonymous_4)
FNDA:0,(anonymous_5)
FNDA:0,(anonymous_6)
FNDA:0,(anonymous_7)
FNDA:0,(anonymous_8)
DA:1,0
DA:2,0
DA:3,0
DA:8,0
DA:29,0
DA:30,0
DA:31,0
DA:37,0
DA:38,0
DA:39,0
DA:40,0
DA:43,0
DA:49,0
DA:50,0
DA:53,0
DA:55,0
DA:60,0
DA:64,0
DA:68,0
DA:72,0
DA:73,0
DA:77,0
DA:79,0
DA:80,0
DA:83,0
DA:84,0
DA:86,0
DA:94,0
DA:98,0
DA:99,0
DA:100,0
DA:102,0
LF:32
LH:0
BRDA:44,0,0,0
BRDA:44,0,1,0
BRDA:49,1,0,0
BRDA:49,2,0,0
BRDA:49,2,1,0
BRDA:60,3,0,0
BRDA:60,3,1,0
BRDA:79,4,0,0
BRDA:99,5,0,0
BRDA:37,6,0,0
BRDA:37,6,1,0
BRDA:37,7,0,0
BRDA:37,7,1,0
BRF:13
BRH:0
end_of_record
TN:
SF:src\common\crypto\secret-encryption.util.ts
FN:38,(anonymous_9)
FN:61,(anonymous_10)
FN:105,(anonymous_11)
FN:128,(anonymous_12)
FN:169,(anonymous_13)
FN:191,(anonymous_14)
FN:195,(anonymous_15)
FNF:7
FNH:0
FNDA:0,(anonymous_9)
FNDA:0,(anonymous_10)
FNDA:0,(anonymous_11)
FNDA:0,(anonymous_12)
FNDA:0,(anonymous_13)
FNDA:0,(anonymous_14)
FNDA:0,(anonymous_15)
DA:1,0
DA:31,0
DA:32,0
DA:33,0
DA:34,0
DA:35,0
DA:36,0
DA:39,0
DA:40,0
DA:41,0
DA:46,0
DA:50,0
DA:51,0
DA:62,0
DA:66,0
DA:69,0
DA:70,0
DA:71,0
DA:72,0
DA:73,0
DA:78,0
DA:85,0
DA:86,0
DA:93,0
DA:106,0
DA:107,0
DA:109,0
DA:112,0
DA:113,0
DA:114,0
DA:118,0
DA:120,0
DA:122,0
DA:123,0
DA:125,0
DA:133,0
DA:134,0
DA:135,0
DA:139,0
DA:140,0
DA:141,0
DA:145,0
DA:146,0
DA:147,0
DA:148,0
DA:149,0
DA:153,0
DA:154,0
DA:158,0
DA:163,0
DA:164,0
DA:170,0
DA:171,0
DA:172,0
DA:173,0
DA:174,0
DA:175,0
DA:176,0
DA:177,0
DA:178,0
DA:179,0
DA:180,0
DA:181,0
DA:186,0
DA:188,0
DA:192,0
DA:196,0
DA:197,0
DA:201,0
DA:202,0
DA:203,0
DA:208,0
LF:72
LH:0
BRDA:69,0,0,0
BRDA:70,1,0,0
BRDA:70,1,1,0
BRDA:71,2,0,0
BRDA:71,2,1,0
BRDA:72,3,0,0
BRDA:85,4,0,0
BRDA:106,5,0,0
BRDA:106,6,0,0
BRDA:106,6,1,0
BRDA:112,7,0,0
BRDA:113,8,0,0
BRDA:113,8,1,0
BRDA:114,9,0,0
BRDA:115,10,0,0
BRDA:115,10,1,0
BRDA:116,11,0,0
BRDA:116,11,1,0
BRDA:122,12,0,0
BRDA:134,13,0,0
BRDA:140,14,0,0
BRDA:140,15,0,0
BRDA:140,15,1,0
BRDA:140,15,2,0
BRDA:148,16,0,0
BRDA:153,17,0,0
BRDA:170,18,0,0
BRDA:170,19,0,0
BRDA:170,19,1,0
BRDA:172,20,0,0
BRDA:176,21,0,0
BRDA:176,22,0,0
BRDA:176,22,1,0
BRDA:176,22,2,0
BRDA:177,23,0,0
BRDA:178,24,0,0
BRDA:180,25,0,0
BRDA:180,26,0,0
BRDA:180,26,1,0
BRDA:181,27,0,0
BRDA:182,28,0,0
BRDA:182,28,1,0
BRDA:182,28,2,0
BRDA:196,29,0,0
BRDA:196,30,0,0
BRDA:196,30,1,0
BRDA:202,31,0,0
BRF:47
BRH:0
end_of_record
TN:
SF:src\common\crypto\sweep-signer.util.ts
FN:30,(anonymous_9)
FN:76,(anonymous_10)
FN:104,encodeAddressToXdr
FNF:3
FNH:3
FNDA:23,(anonymous_9)
FNDA:38,(anonymous_10)
FNDA:76,encodeAddressToXdr
DA:1,2
DA:2,2
DA:20,2
DA:36,23
DA:42,23
DA:43,23
DA:44,2
DA:59,21
DA:60,21
DA:62,21
DA:68,21
DA:83,38
DA:84,38
DA:87,38
DA:88,38
DA:90,38
DA:93,38
DA:105,76
DA:106,76
LF:19
LH:19
BRDA:43,0,0,2
BRF:1
BRH:1
end_of_record
TN:
SF:src\common\errors\contract-error.mapper.ts
FN:142,(anonymous_0)
FN:145,extractVariantFromError
FN:161,mapContractError
FN:189,throwContractError
FNF:4
FNH:0
FNDA:0,(anonymous_0)
FNDA:0,extractVariantFromError
FNDA:0,mapContractError
FNDA:0,throwContractError
DA:1,0
DA:15,0
DA:141,0
DA:142,0
DA:146,0
DA:147,0
DA:148,0
DA:151,0
DA:161,0
DA:162,0
DA:164,0
DA:165,0
DA:168,0
DA:189,0
DA:190,0
DA:191,0
LF:16
LH:0
BRDA:147,0,0,0
BRDA:164,1,0,0
BRDA:164,2,0,0
BRDA:164,2,1,0
BRF:4
BRH:0
end_of_record
TN:
SF:src\common\errors\horizon-error.mapper.ts
FN:196,(anonymous_0)
FN:207,extractHorizonCode
FN:231,mapHorizonError
FN:259,throwHorizonError
FNF:4
FNH:0
FNDA:0,(anonymous_0)
FNDA:0,extractHorizonCode
FNDA:0,mapHorizonError
FNDA:0,throwHorizonError
DA:1,0
DA:17,0
DA:195,0
DA:196,0
DA:208,0
DA:209,0
DA:210,0
DA:211,0
DA:214,0
DA:231,0
DA:232,0
DA:234,0
DA:235,0
DA:238,0
DA:259,0
DA:260,0
DA:261,0
LF:17
LH:0
BRDA:210,0,0,0
BRDA:234,1,0,0
BRDA:234,2,0,0
BRDA:234,2,1,0
BRF:4
BRH:0
end_of_record
TN:
SF:src\common\guards\api-key-auth.guard.ts
FN:29,(anonymous_2)
FN:31,(anonymous_3)
FNF:2
FNH:0
FNDA:0,(anonymous_2)
FNDA:0,(anonymous_3)
DA:1,0
DA:8,0
DA:28,0
DA:29,0
DA:32,0
DA:33,0
DA:35,0
DA:36,0
DA:39,0
DA:40,0
DA:41,0
DA:44,0
DA:45,0
LF:13
LH:0
BRDA:35,0,0,0
BRDA:35,1,0,0
BRDA:35,1,1,0
BRDA:40,2,0,0
BRDA:29,3,0,0
BRDA:29,3,1,0
BRDA:29,4,0,0
BRDA:29,4,1,0
BRF:8
BRH:0
end_of_record
TN:
SF:src\common\guards\jwt-auth.guard.ts
FN:12,(anonymous_2)
FN:14,(anonymous_3)
FN:31,(anonymous_4)
FNF:3
FNH:0
FNDA:0,(anonymous_2)
FNDA:0,(anonymous_3)
FNDA:0,(anonymous_4)
DA:1,0
DA:7,0
DA:11,0
DA:12,0
DA:15,0
DA:16,0
DA:18,0
DA:19,0
DA:22,0
DA:23,0
DA:25,0
DA:28,0
DA:32,0
DA:33,0
LF:14
LH:0
BRDA:18,0,0,0
BRDA:32,1,0,0
BRDA:32,1,1,0
BRDA:33,2,0,0
BRDA:33,2,1,0
BRDA:12,3,0,0
BRDA:12,3,1,0
BRDA:12,4,0,0
BRDA:12,4,1,0
BRF:9
BRH:0
end_of_record
TN:
SF:src\common\logger\pino-logger.service.ts
FN:21,redact
FN:30,(anonymous_11)
FN:46,(anonymous_12)
FN:63,(anonymous_13)
FN:67,(anonymous_14)
FN:71,(anonymous_15)
FN:75,(anonymous_16)
FN:79,(anonymous_17)
FN:83,(anonymous_18)
FN:87,(anonymous_19)
FNF:10
FNH:0
FNDA:0,redact
FNDA:0,(anonymous_11)
FNDA:0,(anonymous_12)
FNDA:0,(anonymous_13)
FNDA:0,(anonymous_14)
FNDA:0,(anonymous_15)
FNDA:0,(anonymous_16)
FNDA:0,(anonymous_17)
FNDA:0,(anonymous_18)
FNDA:0,(anonymous_19)
DA:1,0
DA:2,0
DA:3,0
DA:19,0
DA:22,0
DA:26,0
DA:27,0
DA:28,0
DA:31,0
DA:32,0
DA:42,0
DA:43,0
DA:47,0
DA:48,0
DA:58,0
DA:59,0
DA:60,0
DA:64,0
DA:68,0
DA:72,0
DA:76,0
DA:80,0
DA:84,0
DA:88,0
LF:24
LH:0
BRDA:28,0,0,0
BRDA:28,0,1,0
BRDA:31,1,0,0
BRDA:31,1,1,0
BRDA:42,2,0,0
BRDA:47,3,0,0
BRDA:47,3,1,0
BRDA:58,4,0,0
BRDA:59,5,0,0
BRDA:88,6,0,0
BRDA:88,6,1,0
BRF:11
BRH:0
end_of_record
TN:
SF:src\common\middleware\request-id.middleware.ts
FN:10,(anonymous_1)
FNF:1
FNH:0
FNDA:0,(anonymous_1)
DA:1,0
DA:3,0
DA:4,0
DA:6,0
DA:9,0
DA:12,0
DA:13,0
DA:14,0
LF:8
LH:0
BRDA:12,0,0,0
BRDA:12,0,1,0
BRF:2
BRH:0
end_of_record
TN:
SF:src\common\utils\metadata-sanitizer.util.ts
FN:35,sanitizeMetadata
FNF:1
FNH:0
FNDA:0,sanitizeMetadata
DA:1,0
DA:4,0
DA:10,0
DA:35,0
DA:38,0
DA:40,0
DA:41,0
DA:42,0
DA:47,0
DA:48,0
DA:49,0
DA:50,0
DA:53,0
LF:13
LH:0
BRDA:38,0,0,0
BRDA:41,1,0,0
BRDA:49,2,0,0
BRF:3
BRH:0
end_of_record
TN:
SF:src\common\validators\is-stellar-public-key.validator.ts
FN:5,IsStellarPublicKey
FN:6,(anonymous_1)
FN:16,(anonymous_2)
FNF:3
FNH:0
FNDA:0,IsStellarPublicKey
FNDA:0,(anonymous_1)
FNDA:0,(anonymous_2)
DA:1,0
DA:3,0
DA:5,0
DA:6,0
DA:7,0
DA:17,0
LF:6
LH:0
BRDA:18,0,0,0
BRDA:18,0,1,0
BRF:2
BRH:0
end_of_record
TN:
SF:src\common\validators\stellar-address.validator.ts
FN:10,(anonymous_0)
FN:25,(anonymous_1)
FNF:2
FNH:0
FNDA:0,(anonymous_0)
FNDA:0,(anonymous_1)
DA:1,0
DA:2,0
DA:4,0
DA:11,0
DA:12,0
DA:13,0
DA:15,0
DA:26,0
DA:27,0
LF:9
LH:0
BRDA:11,0,0,0
BRDA:11,1,0,0
BRDA:11,1,1,0
BRDA:26,2,0,0
BRF:4
BRH:0
end_of_record
TN:
SF:src\common\validators\transaction-hash.validator.ts
FN:4,(anonymous_0)
FN:9,(anonymous_1)
FNF:2
FNH:0
FNDA:0,(anonymous_0)
FNDA:0,(anonymous_1)
DA:1,0
DA:2,0
DA:5,0
DA:6,0
DA:10,0
DA:11,0
LF:6
LH:0
BRDA:5,0,0,0
BRDA:5,1,0,0
BRDA:5,1,1,0
BRDA:10,2,0,0
BRF:4
BRH:0
end_of_record
TN:
SF:src\config\app.config.ts
FN:3,(anonymous_0)
FNF:1
FNH:0
FNDA:0,(anonymous_0)
DA:1,0
DA:3,0
LF:2
LH:0
BRDA:4,0,0,0
BRDA:4,0,1,0
BRDA:5,1,0,0
BRDA:5,1,1,0
BRDA:6,2,0,0
BRDA:6,2,1,0
BRDA:7,3,0,0
BRDA:7,3,1,0
BRDA:8,4,0,0
BRDA:8,4,1,0
BRDA:9,5,0,0
BRDA:9,5,1,0
BRDA:10,6,0,0
BRDA:10,6,1,0
BRF:14
BRH:0
end_of_record
TN:
SF:src\config\stellar.config.ts
FN:3,(anonymous_0)
FNF:1
FNH:0
FNDA:0,(anonymous_0)
DA:1,0
DA:3,0
LF:2
LH:0
BRDA:4,0,0,0
BRDA:4,0,1,0
BRDA:6,1,0,0
BRDA:6,1,1,0
BRDA:8,2,0,0
BRDA:8,2,1,0
BRDA:15,3,0,0
BRDA:15,3,1,0
BRDA:19,4,0,0
BRDA:19,4,1,0
BRDA:21,5,0,0
BRDA:21,5,1,0
BRF:12
BRH:0
end_of_record
TN:
SF:src\modules\accounts\accounts.controller.ts
FN:31,(anonymous_4)
FN:56,(anonymous_5)
FN:82,(anonymous_6)
FN:133,(anonymous_7)
FNF:4
FNH:0
FNDA:0,(anonymous_4)
FNDA:0,(anonymous_5)
FNDA:0,(anonymous_6)
FNDA:0,(anonymous_7)
DA:1,0
DA:10,0
DA:18,0
DA:19,0
DA:20,0
DA:21,0
DA:22,0
DA:23,0
DA:24,0
DA:30,0
DA:31,0
DA:56,0
DA:59,0
DA:82,0
DA:83,0
DA:133,0
DA:138,0
LF:17
LH:0
BRDA:135,0,0,0
BRDA:136,1,0,0
BRDA:57,2,0,0
BRDA:57,2,1,0
BRDA:57,3,0,0
BRDA:57,3,1,0
BRDA:58,4,0,0
BRDA:58,4,1,0
BRDA:58,5,0,0
BRDA:58,5,1,0
BRDA:82,6,0,0
BRDA:82,6,1,0
BRDA:82,7,0,0
BRDA:82,7,1,0
BRDA:134,8,0,0
BRDA:134,8,1,0
BRDA:134,9,0,0
BRDA:134,9,1,0
BRDA:137,10,0,0
BRDA:137,10,1,0
BRDA:137,11,0,0
BRDA:137,11,1,0
BRDA:31,12,0,0
BRDA:31,12,1,0
BRDA:31,13,0,0
BRDA:31,13,1,0
BRF:26
BRH:0
end_of_record
TN:
SF:src\modules\accounts\accounts.service.ts
FN:24,(anonymous_13)
FN:37,(anonymous_14)
FN:141,(anonymous_15)
FN:151,(anonymous_16)
FN:173,(anonymous_17)
FN:178,(anonymous_18)
FN:204,(anonymous_19)
FN:215,(anonymous_20)
FNF:8
FNH:0
FNDA:0,(anonymous_13)
FNDA:0,(anonymous_14)
FNDA:0,(anonymous_15)
FNDA:0,(anonymous_16)
FNDA:0,(anonymous_17)
FNDA:0,(anonymous_18)
FNDA:0,(anonymous_19)
FNDA:0,(anonymous_20)
DA:1,0
DA:2,0
DA:3,0
DA:4,0
DA:7,0
DA:8,0
DA:9,0
DA:10,0
DA:11,0
DA:12,0
DA:13,0
DA:14,0
DA:15,0
DA:16,0
DA:17,0
DA:18,0
DA:21,0
DA:22,0
DA:26,0
DA:27,0
DA:28,0
DA:29,0
DA:30,0
DA:32,0
DA:33,0
DA:34,0
DA:40,0
DA:41,0
DA:43,0
DA:46,0
DA:49,0
DA:52,0
DA:59,0
DA:65,0
DA:80,0
DA:82,0
DA:83,0
DA:98,0
DA:99,0
DA:102,0
DA:104,0
DA:112,0
DA:113,0
DA:125,0
DA:128,0
DA:129,0
DA:131,0
DA:132,0
DA:136,0
DA:137,0
DA:142,0
DA:144,0
DA:145,0
DA:148,0
DA:160,0
DA:164,0
DA:165,0
DA:168,0
DA:170,0
DA:172,0
DA:173,0
DA:196,0
DA:198,0
DA:211,0
DA:212,0
DA:216,0
LF:66
LH:0
BRDA:59,0,0,0
BRDA:59,0,1,0
BRDA:59,1,0,0
BRDA:59,1,1,0
BRDA:61,2,0,0
BRDA:61,2,1,0
BRDA:131,3,0,0
BRDA:131,3,1,0
BRDA:136,4,0,0
BRDA:144,5,0,0
BRDA:164,6,0,0
BRDA:196,7,0,0
BRDA:196,7,1,0
BRDA:211,8,0,0
BRDA:211,8,1,0
BRDA:223,9,0,0
BRDA:223,9,1,0
BRDA:26,10,0,0
BRDA:26,10,1,0
BRDA:26,11,0,0
BRDA:26,11,1,0
BRDA:26,12,0,0
BRDA:26,12,1,0
BRDA:26,13,0,0
BRDA:26,13,1,0
BRDA:27,14,0,0
BRDA:27,14,1,0
BRDA:27,15,0,0
BRDA:27,15,1,0
BRDA:28,16,0,0
BRDA:28,16,1,0
BRDA:28,17,0,0
BRDA:28,17,1,0
BRDA:29,18,0,0
BRDA:29,18,1,0
BRDA:29,19,0,0
BRDA:29,19,1,0
BRDA:30,20,0,0
BRDA:30,20,1,0
BRDA:30,21,0,0
BRDA:30,21,1,0
BRDA:32,22,0,0
BRDA:32,22,1,0
BRDA:32,23,0,0
BRDA:32,23,1,0
BRDA:33,24,0,0
BRDA:33,24,1,0
BRDA:33,25,0,0
BRDA:33,25,1,0
BRF:49
BRH:0
end_of_record
TN:
SF:src\modules\accounts\providers\account-latency-metrics.provider.ts
FN:22,(anonymous_1)
FN:27,(anonymous_2)
FN:37,(anonymous_3)
FN:41,(anonymous_4)
FN:45,(anonymous_5)
FN:49,(anonymous_6)
FN:53,(anonymous_7)
FN:54,(anonymous_8)
FN:57,(anonymous_9)
FN:61,(anonymous_10)
FN:63,(anonymous_11)
FN:64,(anonymous_12)
FN:70,(anonymous_13)
FNF:13
FNH:0
FNDA:0,(anonymous_1)
FNDA:0,(anonymous_2)
FNDA:0,(anonymous_3)
FNDA:0,(anonymous_4)
FNDA:0,(anonymous_5)
FNDA:0,(anonymous_6)
FNDA:0,(anonymous_7)
FNDA:0,(anonymous_8)
FNDA:0,(anonymous_9)
FNDA:0,(anonymous_10)
FNDA:0,(anonymous_11)
FNDA:0,(anonymous_12)
FNDA:0,(anonymous_13)
DA:1,0
DA:14,0
DA:16,0
DA:19,0
DA:20,0
DA:21,0
DA:22,0
DA:28,0
DA:29,0
DA:30,0
DA:31,0
DA:34,0
DA:38,0
DA:42,0
DA:46,0
DA:50,0
DA:54,0
DA:58,0
DA:62,0
DA:63,0
DA:64,0
DA:65,0
DA:66,0
DA:67,0
DA:71,0
DA:72,0
DA:73,0
LF:27
LH:0
BRDA:30,0,0,0
BRDA:65,1,0,0
BRDA:72,2,0,0
BRF:3
BRH:0
end_of_record
TN:
SF:src\modules\claims\claims.controller.ts
FN:21,(anonymous_4)
FN:36,(anonymous_5)
FN:55,(anonymous_6)
FN:75,(anonymous_7)
FNF:4
FNH:0
FNDA:0,(anonymous_4)
FNDA:0,(anonymous_5)
FNDA:0,(anonymous_6)
FNDA:0,(anonymous_7)
DA:1,0
DA:2,0
DA:9,0
DA:10,0
DA:11,0
DA:12,0
DA:13,0
DA:14,0
DA:15,0
DA:20,0
DA:21,0
DA:36,0
DA:37,0
DA:55,0
DA:58,0
DA:75,0
DA:78,0
LF:17
LH:0
BRDA:36,0,0,0
BRDA:36,0,1,0
BRDA:36,1,0,0
BRDA:36,1,1,0
BRDA:56,2,0,0
BRDA:56,2,1,0
BRDA:56,3,0,0
BRDA:56,3,1,0
BRDA:57,4,0,0
BRDA:57,4,1,0
BRDA:57,5,0,0
BRDA:57,5,1,0
BRDA:76,6,0,0
BRDA:76,6,1,0
BRDA:76,7,0,0
BRDA:76,7,1,0
BRDA:77,8,0,0
BRDA:77,8,1,0
BRDA:77,9,0,0
BRDA:77,9,1,0
BRDA:21,10,0,0
BRDA:21,10,1,0
BRDA:21,11,0,0
BRDA:21,11,1,0
BRF:24
BRH:0
end_of_record
TN:
SF:src\modules\claims\claims.service.ts
FN:13,(anonymous_4)
FN:21,(anonymous_5)
FN:25,(anonymous_6)
FN:30,(anonymous_7)
FNF:4
FNH:0
FNDA:0,(anonymous_4)
FNDA:0,(anonymous_5)
FNDA:0,(anonymous_6)
FNDA:0,(anonymous_7)
DA:1,0
DA:2,0
DA:3,0
DA:6,0
DA:8,0
DA:9,0
DA:12,0
DA:14,0
DA:15,0
DA:16,0
DA:18,0
DA:22,0
DA:28,0
DA:34,0
DA:35,0
LF:15
LH:0
BRDA:14,0,0,0
BRDA:14,0,1,0
BRDA:14,1,0,0
BRDA:14,1,1,0
BRDA:14,2,0,0
BRDA:14,2,1,0
BRDA:14,3,0,0
BRDA:14,3,1,0
BRDA:15,4,0,0
BRDA:15,4,1,0
BRDA:15,5,0,0
BRDA:15,5,1,0
BRDA:16,6,0,0
BRDA:16,6,1,0
BRDA:16,7,0,0
BRDA:16,7,1,0
BRF:16
BRH:0
end_of_record
TN:
SF:src\modules\claims\providers\claim-audit.provider.ts
FN:22,(anonymous_13)
FN:27,(anonymous_14)
FN:45,(anonymous_15)
FNF:3
FNH:0
FNDA:0,(anonymous_13)
FNDA:0,(anonymous_14)
FNDA:0,(anonymous_15)
DA:1,0
DA:2,0
DA:3,0
DA:4,0
DA:5,0
DA:19,0
DA:20,0
DA:24,0
DA:28,0
DA:29,0
DA:36,0
DA:39,0
DA:46,0
LF:13
LH:0
BRDA:32,0,0,0
BRDA:32,0,1,0
BRDA:34,1,0,0
BRDA:34,1,1,0
BRDA:24,2,0,0
BRDA:24,2,1,0
BRDA:24,3,0,0
BRDA:24,3,1,0
BRF:8
BRH:0
end_of_record
TN:
SF:src\modules\claims\providers\claim-lookup.provider.ts
FN:11,(anonymous_4)
FN:16,(anonymous_5)
FNF:2
FNH:0
FNDA:0,(anonymous_4)
FNDA:0,(anonymous_5)
DA:1,0
DA:2,0
DA:3,0
DA:4,0
DA:8,0
DA:9,0
DA:13,0
DA:17,0
DA:19,0
DA:24,0
DA:25,0
DA:26,0
DA:29,0
DA:31,0
LF:14
LH:0
BRDA:24,0,0,0
BRDA:13,1,0,0
BRDA:13,1,1,0
BRDA:13,2,0,0
BRDA:13,2,1,0
BRF:5
BRH:0
end_of_record
TN:
SF:src\modules\claims\providers\claim-redemption.provider.ts
FN:28,(anonymous_13)
FN:43,(anonymous_14)
FN:84,(anonymous_15)
FN:206,(anonymous_16)
FN:291,(anonymous_17)
FNF:5
FNH:0
FNDA:0,(anonymous_13)
FNDA:0,(anonymous_14)
FNDA:0,(anonymous_15)
FNDA:0,(anonymous_16)
FNDA:0,(anonymous_17)
DA:1,0
DA:7,0
DA:8,0
DA:9,0
DA:10,0
DA:11,0
DA:13,0
DA:14,0
DA:15,0
DA:16,0
DA:17,0
DA:18,0
DA:19,0
DA:20,0
DA:21,0
DA:22,0
DA:25,0
DA:26,0
DA:30,0
DA:32,0
DA:34,0
DA:35,0
DA:36,0
DA:37,0
DA:38,0
DA:39,0
DA:40,0
DA:48,0
DA:50,0
DA:52,0
DA:53,0
DA:55,0
DA:56,0
DA:59,0
DA:60,0
DA:63,0
DA:64,0
DA:76,0
DA:79,0
DA:84,0
DA:85,0
DA:92,0
DA:93,0
DA:96,0
DA:97,0
DA:100,0
DA:101,0
DA:107,0
DA:111,0
DA:116,0
DA:117,0
DA:118,0
DA:119,0
DA:120,0
DA:124,0
DA:125,0
DA:126,0
DA:129,0
DA:130,0
DA:134,0
DA:145,0
DA:146,0
DA:166,0
DA:167,0
DA:172,0
DA:180,0
DA:189,0
DA:202,0
DA:205,0
DA:207,0
DA:208,0
DA:209,0
DA:211,0
DA:219,0
DA:223,0
DA:225,0
DA:232,0
DA:242,0
DA:256,0
DA:259,0
DA:264,0
DA:265,0
DA:270,0
DA:278,0
DA:287,0
DA:292,0
LF:86
LH:0
BRDA:55,0,0,0
BRDA:59,1,0,0
BRDA:63,2,0,0
BRDA:92,3,0,0
BRDA:96,4,0,0
BRDA:100,5,0,0
BRDA:107,6,0,0
BRDA:108,7,0,0
BRDA:108,7,1,0
BRDA:124,8,0,0
BRDA:129,9,0,0
BRDA:166,10,0,0
BRDA:177,11,0,0
BRDA:177,11,1,0
BRDA:256,12,0,0
BRDA:256,12,1,0
BRDA:30,13,0,0
BRDA:30,13,1,0
BRDA:30,14,0,0
BRDA:30,14,1,0
BRDA:30,15,0,0
BRDA:30,15,1,0
BRDA:30,16,0,0
BRDA:30,16,1,0
BRDA:32,17,0,0
BRDA:32,17,1,0
BRDA:32,18,0,0
BRDA:32,18,1,0
BRDA:34,19,0,0
BRDA:34,19,1,0
BRDA:34,20,0,0
BRDA:34,20,1,0
BRDA:35,21,0,0
BRDA:35,21,1,0
BRDA:35,22,0,0
BRDA:35,22,1,0
BRDA:36,23,0,0
BRDA:36,23,1,0
BRDA:36,24,0,0
BRDA:36,24,1,0
BRDA:37,25,0,0
BRDA:37,25,1,0
BRDA:37,26,0,0
BRDA:37,26,1,0
BRDA:38,27,0,0
BRDA:38,27,1,0
BRDA:38,28,0,0
BRDA:38,28,1,0
BRDA:39,29,0,0
BRDA:39,29,1,0
BRDA:39,30,0,0
BRDA:39,30,1,0
BRF:52
BRH:0
end_of_record
TN:
SF:src\modules\claims\providers\token-verification.provider.ts
FN:30,(anonymous_14)
FN:36,(anonymous_15)
FN:92,(anonymous_16)
FN:96,(anonymous_17)
FN:124,(anonymous_18)
FNF:5
FNH:0
FNDA:0,(anonymous_14)
FNDA:0,(anonymous_15)
FNDA:0,(anonymous_16)
FNDA:0,(anonymous_17)
FNDA:0,(anonymous_18)
DA:1,0
DA:8,0
DA:9,0
DA:10,0
DA:11,0
DA:12,0
DA:13,0
DA:15,0
DA:17,0
DA:27,0
DA:28,0
DA:32,0
DA:33,0
DA:37,0
DA:39,0
DA:41,0
DA:44,0
DA:47,0
DA:51,0
DA:52,0
DA:53,0
DA:57,0
DA:60,0
DA:61,0
DA:64,0
DA:67,0
DA:71,0
DA:79,0
DA:84,0
DA:87,0
DA:88,0
DA:93,0
DA:97,0
DA:98,0
DA:100,0
DA:103,0
DA:104,0
DA:105,0
DA:108,0
DA:110,0
DA:111,0
DA:112,0
DA:115,0
DA:116,0
DA:117,0
DA:120,0
DA:125,0
DA:127,0
DA:128,0
DA:133,0
DA:134,0
DA:137,0
DA:138,0
DA:141,0
DA:142,0
DA:145,0
DA:146,0
DA:150,0
DA:153,0
DA:154,0
LF:60
LH:0
BRDA:51,0,0,0
BRDA:60,1,0,0
BRDA:79,2,0,0
BRDA:80,3,0,0
BRDA:80,3,1,0
BRDA:80,3,2,0
BRDA:103,4,0,0
BRDA:110,5,0,0
BRDA:115,6,0,0
BRDA:125,7,0,0
BRDA:125,7,1,0
BRDA:125,7,2,0
BRDA:125,7,3,0
BRDA:125,7,4,0
BRDA:125,7,5,0
BRDA:125,7,6,0
BRDA:32,8,0,0
BRDA:32,8,1,0
BRDA:32,9,0,0
BRDA:32,9,1,0
BRDA:32,10,0,0
BRDA:32,10,1,0
BRDA:32,11,0,0
BRDA:32,11,1,0
BRF:24
BRH:0
end_of_record
TN:
SF:src\modules\health\health.controller.ts
FN:17,(anonymous_4)
FN:24,(anonymous_5)
FN:44,(anonymous_6)
FN:49,(anonymous_7)
FN:51,(anonymous_8)
FNF:5
FNH:0
FNDA:0,(anonymous_4)
FNDA:0,(anonymous_5)
FNDA:0,(anonymous_6)
FNDA:0,(anonymous_7)
FNDA:0,(anonymous_8)
DA:1,0
DA:2,0
DA:3,0
DA:4,0
DA:12,0
DA:16,0
DA:17,0
DA:24,0
DA:25,0
DA:26,0
DA:49,0
DA:50,0
DA:51,0
DA:56,0
DA:57,0
DA:58,0
DA:60,0
DA:61,0
DA:62,0
LF:19
LH:0
BRDA:27,0,0,0
BRDA:27,0,1,0
BRDA:60,1,0,0
BRDA:60,1,1,0
BRDA:65,2,0,0
BRDA:65,2,1,0
BRDA:17,3,0,0
BRDA:17,3,1,0
BRDA:17,4,0,0
BRDA:17,4,1,0
BRF:10
BRH:0
end_of_record
TN:
SF:src\modules\integrators\integrators.service.ts
FN:7,hashApiKey
FN:13,(anonymous_5)
FN:19,(anonymous_6)
FN:31,(anonymous_7)
FNF:4
FNH:0
FNDA:0,hashApiKey
FNDA:0,(anonymous_5)
FNDA:0,(anonymous_6)
FNDA:0,(anonymous_7)
DA:1,0
DA:2,0
DA:3,0
DA:4,0
DA:5,0
DA:8,0
DA:12,0
DA:15,0
DA:20,0
DA:34,0
DA:35,0
DA:41,0
LF:12
LH:0
BRDA:15,0,0,0
BRDA:15,0,1,0
BRDA:15,1,0,0
BRDA:15,1,1,0
BRF:4
BRH:0
end_of_record
TN:
SF:src\modules\payment-monitor\payment-monitor.service.ts
FN:21,(anonymous_13)
FN:32,(anonymous_14)
FN:38,(anonymous_15)
FN:46,(anonymous_16)
FN:58,(anonymous_17)
FN:72,(anonymous_18)
FN:76,(anonymous_19)
FN:95,(anonymous_20)
FN:119,(anonymous_21)
FN:160,(anonymous_22)
FN:176,(anonymous_23)
FNF:11
FNH:0
FNDA:0,(anonymous_13)
FNDA:0,(anonymous_14)
FNDA:0,(anonymous_15)
FNDA:0,(anonymous_16)
FNDA:0,(anonymous_17)
FNDA:0,(anonymous_18)
FNDA:0,(anonymous_19)
FNDA:0,(anonymous_20)
FNDA:0,(anonymous_21)
FNDA:0,(anonymous_22)
FNDA:0,(anonymous_23)
DA:1,0
DA:7,0
DA:8,0
DA:9,0
DA:10,0
DA:11,0
DA:12,0
DA:13,0
DA:16,0
DA:17,0
DA:18,0
DA:23,0
DA:24,0
DA:25,0
DA:28,0
DA:29,0
DA:33,0
DA:37,0
DA:38,0
DA:41,0
DA:47,0
DA:48,0
DA:49,0
DA:51,0
DA:59,0
DA:60,0
DA:67,0
DA:69,0
DA:71,0
DA:72,0
DA:77,0
DA:78,0
DA:79,0
DA:81,0
DA:86,0
DA:88,0
DA:89,0
DA:98,0
DA:105,0
DA:107,0
DA:108,0
DA:110,0
DA:111,0
DA:112,0
DA:113,0
DA:116,0
DA:123,0
DA:126,0
DA:130,0
DA:131,0
DA:133,0
DA:134,0
DA:141,0
DA:142,0
DA:144,0
DA:148,0
DA:153,0
DA:157,0
DA:164,0
DA:169,0
DA:173,0
DA:177,0
DA:178,0
DA:179,0
LF:64
LH:0
BRDA:34,0,0,0
BRDA:34,0,1,0
BRDA:47,1,0,0
BRDA:67,2,0,0
BRDA:79,3,0,0
BRDA:83,4,0,0
BRDA:83,4,1,0
BRDA:88,5,0,0
BRDA:88,5,1,0
BRDA:108,6,0,0
BRDA:111,7,0,0
BRDA:112,8,0,0
BRDA:141,9,0,0
BRDA:141,9,1,0
BRDA:142,10,0,0
BRDA:142,10,1,0
BRDA:164,11,0,0
BRDA:164,11,1,0
BRDA:169,12,0,0
BRDA:169,12,1,0
BRDA:177,13,0,0
BRDA:23,14,0,0
BRDA:23,14,1,0
BRDA:23,15,0,0
BRDA:23,15,1,0
BRDA:23,16,0,0
BRDA:23,16,1,0
BRDA:23,17,0,0
BRDA:23,17,1,0
BRDA:24,18,0,0
BRDA:24,18,1,0
BRDA:24,19,0,0
BRDA:24,19,1,0
BRF:33
BRH:0
end_of_record
TN:
SF:src\modules\scheduler\scheduler.service.ts
FN:21,(anonymous_4)
FN:29,(anonymous_5)
FN:40,(anonymous_6)
FN:44,(anonymous_7)
FN:54,(anonymous_8)
FN:71,(anonymous_9)
FN:95,(anonymous_10)
FN:99,(anonymous_11)
FN:140,(anonymous_12)
FN:168,(anonymous_13)
FN:172,(anonymous_14)
FNF:11
FNH:0
FNDA:0,(anonymous_4)
FNDA:0,(anonymous_5)
FNDA:0,(anonymous_6)
FNDA:0,(anonymous_7)
FNDA:0,(anonymous_8)
FNDA:0,(anonymous_9)
FNDA:0,(anonymous_10)
FNDA:0,(anonymous_11)
FNDA:0,(anonymous_12)
FNDA:0,(anonymous_13)
FNDA:0,(anonymous_14)
DA:1,0
DA:7,0
DA:8,0
DA:9,0
DA:10,0
DA:11,0
DA:12,0
DA:13,0
DA:16,0
DA:17,0
DA:18,0
DA:19,0
DA:23,0
DA:24,0
DA:25,0
DA:26,0
DA:30,0
DA:34,0
DA:39,0
DA:40,0
DA:43,0
DA:44,0
DA:48,0
DA:49,0
DA:55,0
DA:56,0
DA:57,0
DA:59,0
DA:60,0
DA:61,0
DA:63,0
DA:72,0
DA:75,0
DA:76,0
DA:83,0
DA:84,0
DA:85,0
DA:88,0
DA:90,0
DA:94,0
DA:95,0
DA:100,0
DA:101,0
DA:105,0
DA:106,0
DA:109,0
DA:111,0
DA:112,0
DA:114,0
DA:115,0
DA:118,0
DA:121,0
DA:122,0
DA:126,0
DA:128,0
DA:141,0
DA:145,0
DA:148,0
DA:149,0
DA:156,0
DA:157,0
DA:158,0
DA:161,0
DA:163,0
DA:167,0
DA:168,0
DA:173,0
DA:175,0
DA:180,0
DA:184,0
DA:188,0
DA:189,0
LF:72
LH:0
BRDA:31,0,0,0
BRDA:31,0,1,0
BRDA:35,1,0,0
BRDA:35,1,1,0
BRDA:55,2,0,0
BRDA:59,3,0,0
BRDA:83,4,0,0
BRDA:83,4,1,0
BRDA:88,5,0,0
BRDA:105,6,0,0
BRDA:114,7,0,0
BRDA:114,7,1,0
BRDA:142,8,0,0
BRDA:142,8,1,0
BRDA:156,9,0,0
BRDA:156,9,1,0
BRDA:161,10,0,0
BRDA:176,11,0,0
BRDA:176,11,1,0
BRDA:188,12,0,0
BRDA:188,12,1,0
BRDA:23,13,0,0
BRDA:23,13,1,0
BRDA:23,14,0,0
BRDA:23,14,1,0
BRDA:23,15,0,0
BRDA:23,15,1,0
BRDA:23,16,0,0
BRDA:23,16,1,0
BRDA:24,17,0,0
BRDA:24,17,1,0
BRDA:24,18,0,0
BRDA:24,18,1,0
BRDA:25,19,0,0
BRDA:25,19,1,0
BRDA:25,20,0,0
BRDA:25,20,1,0
BRF:37
BRH:0
end_of_record
TN:
SF:src\modules\stellar\soroban-events-indexer.service.ts
FN:37,(anonymous_4)
FN:55,(anonymous_5)
FN:116,(anonymous_6)
FN:122,(anonymous_7)
FN:137,(anonymous_8)
FN:162,(anonymous_9)
FNF:6
FNH:0
FNDA:0,(anonymous_4)
FNDA:0,(anonymous_5)
FNDA:0,(anonymous_6)
FNDA:0,(anonymous_7)
FNDA:0,(anonymous_8)
FNDA:0,(anonymous_9)
DA:1,0
DA:2,0
DA:3,0
DA:4,0
DA:5,0
DA:6,0
DA:8,0
DA:32,0
DA:33,0
DA:39,0
DA:40,0
DA:42,0
DA:45,0
DA:47,0
DA:56,0
DA:60,0
DA:62,0
DA:63,0
DA:65,0
DA:68,0
DA:69,0
DA:71,0
DA:74,0
DA:78,0
DA:80,0
DA:81,0
DA:82,0
DA:85,0
DA:93,0
DA:95,0
DA:103,0
DA:104,0
DA:105,0
DA:110,0
DA:119,0
DA:122,0
DA:126,0
DA:131,0
DA:140,0
DA:141,0
DA:142,0
DA:145,0
DA:150,0
DA:151,0
DA:154,0
DA:155,0
DA:172,0
DA:173,0
DA:174,0
DA:175,0
DA:176,0
DA:177,0
DA:182,0
DA:183,0
DA:184,0
DA:188,0
DA:191,0
DA:192,0
DA:193,0
DA:195,0
DA:196,0
DA:197,0
DA:198,0
DA:199,0
DA:200,0
DA:201,0
DA:204,0
LF:67
LH:0
BRDA:57,0,0,0
BRDA:57,0,1,0
BRDA:82,1,0,0
BRDA:93,2,0,0
BRDA:127,3,0,0
BRDA:127,3,1,0
BRDA:131,4,0,0
BRDA:131,4,1,0
BRDA:141,5,0,0
BRDA:150,6,0,0
BRDA:155,7,0,0
BRDA:155,7,1,0
BRDA:172,8,0,0
BRDA:175,9,0,0
BRDA:182,10,0,0
BRDA:182,11,0,0
BRDA:182,11,1,0
BRDA:183,12,0,0
BRDA:188,13,0,0
BRDA:191,14,0,0
BRDA:191,14,1,0
BRDA:191,14,2,0
BRDA:192,15,0,0
BRDA:192,15,1,0
BRDA:192,15,2,0
BRDA:193,16,0,0
BRDA:193,16,1,0
BRDA:193,16,2,0
BRDA:196,17,0,0
BRDA:196,17,1,0
BRDA:196,18,0,0
BRDA:196,18,1,0
BRDA:198,19,0,0
BRDA:198,19,1,0
BRDA:198,20,0,0
BRDA:198,20,1,0
BRDA:200,21,0,0
BRDA:39,22,0,0
BRDA:39,22,1,0
BRDA:39,23,0,0
BRDA:39,23,1,0
BRDA:39,24,0,0
BRDA:39,24,1,0
BRDA:39,25,0,0
BRDA:39,25,1,0
BRF:45
BRH:0
end_of_record
TN:
SF:src\modules\stellar\stellar.service.ts
FN:28,(anonymous_13)
FN:58,(anonymous_14)
FN:90,(anonymous_15)
FN:98,(anonymous_16)
FN:105,(anonymous_17)
FN:125,(anonymous_18)
FN:233,(anonymous_19)
FN:311,(anonymous_20)
FN:386,(anonymous_21)
FN:444,(anonymous_22)
FN:489,(anonymous_23)
FN:494,(anonymous_24)
FN:494,(anonymous_25)
FN:516,(anonymous_26)
FN:534,(anonymous_27)
FN:541,(anonymous_28)
FNF:16
FNH:0
FNDA:0,(anonymous_13)
FNDA:0,(anonymous_14)
FNDA:0,(anonymous_15)
FNDA:0,(anonymous_16)
FNDA:0,(anonymous_17)
FNDA:0,(anonymous_18)
FNDA:0,(anonymous_19)
FNDA:0,(anonymous_20)
FNDA:0,(anonymous_21)
FNDA:0,(anonymous_22)
FNDA:0,(anonymous_23)
FNDA:0,(anonymous_24)
FNDA:0,(anonymous_25)
FNDA:0,(anonymous_26)
FNDA:0,(anonymous_27)
FNDA:0,(anonymous_28)
DA:1,0
DA:2,0
DA:3,0
DA:4,0
DA:5,0
DA:6,0
DA:8,0
DA:16,0
DA:19,0
DA:20,0
DA:26,0
DA:29,0
DA:31,0
DA:34,0
DA:35,0
DA:38,0
DA:39,0
DA:40,0
DA:42,0
DA:59,0
DA:61,0
DA:65,0
DA:68,0
DA:71,0
DA:77,0
DA:78,0
DA:79,0
DA:80,0
DA:91,0
DA:99,0
DA:100,0
DA:106,0
DA:135,0
DA:138,0
DA:140,0
DA:143,0
DA:147,0
DA:160,0
DA:161,0
DA:162,0
DA:165,0
DA:167,0
DA:168,0
DA:172,0
DA:192,0
DA:193,0
DA:195,0
DA:197,0
DA:198,0
DA:200,0
DA:203,0
DA:204,0
DA:207,0
DA:213,0
DA:215,0
DA:218,0
DA:239,0
DA:240,0
DA:241,0
DA:245,0
DA:268,0
DA:269,0
DA:271,0
DA:273,0
DA:274,0
DA:276,0
DA:279,0
DA:280,0
DA:283,0
DA:288,0
DA:289,0
DA:318,0
DA:319,0
DA:320,0
DA:324,0
DA:341,0
DA:342,0
DA:344,0
DA:346,0
DA:347,0
DA:349,0
DA:352,0
DA:353,0
DA:354,0
DA:359,0
DA:360,0
DA:362,0
DA:365,0
DA:366,0
DA:391,0
DA:392,0
DA:394,0
DA:395,0
DA:399,0
DA:402,0
DA:403,0
DA:404,0
DA:408,0
DA:416,0
DA:417,0
DA:419,0
DA:421,0
DA:422,0
DA:424,0
DA:427,0
DA:428,0
DA:429,0
DA:430,0
DA:432,0
DA:435,0
DA:436,0
DA:451,0
DA:454,0
DA:455,0
DA:457,0
DA:465,0
DA:467,0
DA:468,0
DA:470,0
DA:473,0
DA:474,0
DA:478,0
DA:479,0
DA:480,0
DA:482,0
DA:483,0
DA:484,0
DA:489,0
DA:494,0
DA:496,0
DA:497,0
DA:498,0
DA:503,0
DA:520,0
DA:521,0
DA:523,0
DA:524,0
DA:526,0
DA:529,0
DA:530,0
DA:531,0
DA:534,0
DA:536,0
DA:542,0
LF:144
LH:0
BRDA:61,0,0,0
BRDA:62,1,0,0
BRDA:62,1,1,0
BRDA:138,2,0,0
BRDA:138,2,1,0
BRDA:203,3,0,0
BRDA:208,4,0,0
BRDA:208,4,1,0
BRDA:279,5,0,0
BRDA:284,6,0,0
BRDA:284,6,1,0
BRDA:352,7,0,0
BRDA:359,8,0,0
BRDA:360,9,0,0
BRDA:394,10,0,0
BRDA:427,11,0,0
BRDA:429,12,0,0
BRDA:473,13,0,0
BRDA:479,14,0,0
BRDA:483,15,0,0
BRDA:497,16,0,0
BRDA:504,17,0,0
BRDA:504,17,1,0
BRDA:505,18,0,0
BRDA:505,18,1,0
BRDA:506,19,0,0
BRDA:506,19,1,0
BRDA:507,20,0,0
BRDA:507,20,1,0
BRDA:518,21,0,0
BRDA:529,22,0,0
BRDA:530,23,0,0
BRDA:542,24,0,0
BRDA:542,24,1,0
BRDA:29,25,0,0
BRDA:29,25,1,0
BRDA:29,26,0,0
BRDA:29,26,1,0
BRDA:29,27,0,0
BRDA:29,27,1,0
BRDA:29,28,0,0
BRDA:29,28,1,0
BRF:42
BRH:0
end_of_record
TN:
SF:src\modules\stellar\providers\payment-monitor-provider.ts
FN:37,(anonymous_13)
FN:53,(anonymous_14)
FN:70,(anonymous_15)
FN:77,(anonymous_16)
FN:93,(anonymous_17)
FN:103,(anonymous_18)
FN:121,(anonymous_19)
FN:143,(anonymous_20)
FN:215,(anonymous_21)
FN:222,(anonymous_22)
FN:237,(anonymous_23)
FN:267,(anonymous_24)
FNF:12
FNH:0
FNDA:0,(anonymous_13)
FNDA:0,(anonymous_14)
FNDA:0,(anonymous_15)
FNDA:0,(anonymous_16)
FNDA:0,(anonymous_17)
FNDA:0,(anonymous_18)
FNDA:0,(anonymous_19)
FNDA:0,(anonymous_20)
FNDA:0,(anonymous_21)
FNDA:0,(anonymous_22)
FNDA:0,(anonymous_23)
FNDA:0,(anonymous_24)
DA:1,0
DA:2,0
DA:3,0
DA:4,0
DA:5,0
DA:6,0
DA:7,0
DA:8,0
DA:29,0
DA:30,0
DA:33,0
DA:39,0
DA:40,0
DA:41,0
DA:44,0
DA:45,0
DA:54,0
DA:55,0
DA:58,0
DA:61,0
DA:65,0
DA:71,0
DA:72,0
DA:79,0
DA:80,0
DA:86,0
DA:94,0
DA:95,0
DA:97,0
DA:98,0
DA:99,0
DA:104,0
DA:107,0
DA:108,0
DA:109,0
DA:111,0
DA:122,0
DA:126,0
DA:127,0
DA:128,0
DA:131,0
DA:134,0
DA:135,0
DA:148,0
DA:150,0
DA:155,0
DA:158,0
DA:164,0
DA:168,0
DA:170,0
DA:171,0
DA:178,0
DA:182,0
DA:183,0
DA:187,0
DA:192,0
DA:193,0
DA:197,0
DA:198,0
DA:199,0
DA:204,0
DA:207,0
DA:211,0
DA:212,0
DA:216,0
DA:219,0
DA:223,0
DA:226,0
DA:242,0
DA:243,0
DA:245,0
DA:246,0
DA:250,0
DA:255,0
DA:259,0
DA:269,0
DA:271,0
DA:272,0
LF:78
LH:0
BRDA:54,0,0,0
BRDA:71,1,0,0
BRDA:79,2,0,0
BRDA:79,2,1,0
BRDA:95,3,0,0
BRDA:126,4,0,0
BRDA:148,5,0,0
BRDA:152,6,0,0
BRDA:152,6,1,0
BRDA:178,7,0,0
BRDA:178,7,1,0
BRDA:182,8,0,0
BRDA:192,9,0,0
BRDA:192,10,0,0
BRDA:192,10,1,0
BRDA:242,11,0,0
BRDA:242,11,1,0
BRDA:245,12,0,0
BRDA:245,13,0,0
BRDA:245,13,1,0
BRDA:255,14,0,0
BRDA:255,14,1,0
BRDA:269,15,0,0
BRDA:39,16,0,0
BRDA:39,16,1,0
BRDA:39,17,0,0
BRDA:39,17,1,0
BRDA:39,18,0,0
BRDA:39,18,1,0
BRDA:39,19,0,0
BRDA:39,19,1,0
BRDA:40,20,0,0
BRDA:40,20,1,0
BRDA:40,21,0,0
BRDA:40,21,1,0
BRF:35
BRH:0
end_of_record
TN:
SF:src\modules\sweeps\sweep-monitor.service.ts
FN:38,(anonymous_2)
FN:52,(anonymous_3)
FN:70,(anonymous_4)
FN:87,(anonymous_5)
FN:121,(anonymous_6)
FN:133,(anonymous_7)
FN:148,(anonymous_8)
FN:160,(anonymous_9)
FN:173,(anonymous_10)
FN:177,(anonymous_11)
FNF:10
FNH:0
FNDA:0,(anonymous_2)
FNDA:0,(anonymous_3)
FNDA:0,(anonymous_4)
FNDA:0,(anonymous_5)
FNDA:0,(anonymous_6)
FNDA:0,(anonymous_7)
FNDA:0,(anonymous_8)
FNDA:0,(anonymous_9)
FNDA:0,(anonymous_10)
FNDA:0,(anonymous_11)
DA:1,0
DA:2,0
DA:3,0
DA:25,0
DA:26,0
DA:30,0
DA:33,0
DA:38,0
DA:40,0
DA:41,0
DA:42,0
DA:57,0
DA:58,0
DA:59,0
DA:62,0
DA:66,0
DA:71,0
DA:80,0
DA:84,0
DA:85,0
DA:89,0
DA:94,0
DA:98,0
DA:106,0
DA:107,0
DA:111,0
DA:125,0
DA:126,0
DA:128,0
DA:130,0
DA:133,0
DA:134,0
DA:135,0
DA:136,0
DA:137,0
DA:138,0
DA:141,0
DA:149,0
DA:150,0
DA:151,0
DA:152,0
DA:153,0
DA:161,0
DA:162,0
DA:163,0
DA:168,0
DA:169,0
DA:170,0
DA:174,0
DA:178,0
LF:50
LH:0
BRDA:57,0,0,0
BRDA:74,1,0,0
BRDA:74,1,1,0
BRDA:76,2,0,0
BRDA:76,2,1,0
BRDA:89,3,0,0
BRDA:89,3,1,0
BRDA:91,4,0,0
BRDA:91,4,1,0
BRDA:125,5,0,0
BRDA:135,6,0,0
BRDA:137,7,0,0
BRDA:150,8,0,0
BRDA:38,9,0,0
BRDA:38,9,1,0
BRDA:38,10,0,0
BRDA:38,10,1,0
BRF:17
BRH:0
end_of_record
TN:
SF:src\modules\sweeps\sweep-retry-queue.service.ts
FN:72,(anonymous_1)
FN:75,(anonymous_2)
FN:82,(anonymous_3)
FN:99,(anonymous_4)
FN:140,(anonymous_5)
FN:177,(anonymous_6)
FN:182,(anonymous_7)
FN:183,(anonymous_8)
FN:187,(anonymous_9)
FN:192,(anonymous_10)
FN:197,(anonymous_11)
FN:198,(anonymous_12)
FN:207,(anonymous_13)
FN:212,(anonymous_14)
FNF:14
FNH:0
FNDA:0,(anonymous_1)
FNDA:0,(anonymous_2)
FNDA:0,(anonymous_3)
FNDA:0,(anonymous_4)
FNDA:0,(anonymous_5)
FNDA:0,(anonymous_6)
FNDA:0,(anonymous_7)
FNDA:0,(anonymous_8)
FNDA:0,(anonymous_9)
FNDA:0,(anonymous_10)
FNDA:0,(anonymous_11)
FNDA:0,(anonymous_12)
FNDA:0,(anonymous_13)
FNDA:0,(anonymous_14)
DA:1,0
DA:36,0
DA:37,0
DA:40,0
DA:43,0
DA:46,0
DA:49,0
DA:51,0
DA:53,0
DA:55,0
DA:60,0
DA:73,0
DA:74,0
DA:75,0
DA:76,0
DA:78,0
DA:83,0
DA:84,0
DA:85,0
DA:86,0
DA:87,0
DA:105,0
DA:106,0
DA:109,0
DA:112,0
DA:113,0
DA:114,0
DA:116,0
DA:127,0
DA:128,0
DA:132,0
DA:145,0
DA:146,0
DA:147,0
DA:150,0
DA:153,0
DA:154,0
DA:155,0
DA:157,0
DA:158,0
DA:159,0
DA:162,0
DA:166,0
DA:170,0
DA:171,0
DA:178,0
DA:183,0
DA:188,0
DA:193,0
DA:198,0
DA:199,0
DA:208,0
DA:210,0
DA:211,0
DA:212,0
DA:215,0
DA:216,0
DA:217,0
DA:219,0
DA:220,0
LF:60
LH:0
BRDA:73,0,0,0
BRDA:83,1,0,0
BRDA:102,2,0,0
BRDA:105,3,0,0
BRDA:145,4,0,0
BRDA:155,5,0,0
BRDA:155,5,1,0
BRDA:157,6,0,0
BRDA:208,7,0,0
BRDA:212,8,0,0
BRDA:212,8,1,0
BRDA:219,9,0,0
BRDA:219,9,1,0
BRF:13
BRH:0
end_of_record
TN:
SF:src\modules\sweeps\sweeps.service.ts
FN:19,(anonymous_4)
FN:54,(anonymous_5)
FN:215,(anonymous_6)
FN:225,(anonymous_7)
FNF:4
FNH:0
FNDA:0,(anonymous_4)
FNDA:0,(anonymous_5)
FNDA:0,(anonymous_6)
FNDA:0,(anonymous_7)
DA:1,0
DA:2,0
DA:3,0
DA:4,0
DA:5,0
DA:6,0
DA:7,0
DA:11,0
DA:12,0
DA:13,0
DA:16,0
DA:17,0
DA:20,0
DA:21,0
DA:22,0
DA:23,0
DA:24,0
DA:25,0
DA:27,0
DA:29,0
DA:30,0
DA:57,0
DA:61,0
DA:63,0
DA:74,0
DA:75,0
DA:79,0
DA:85,0
DA:91,0
DA:95,0
DA:99,0
DA:107,0
DA:111,0
DA:119,0
DA:120,0
DA:127,0
DA:129,0
DA:130,0
DA:131,0
DA:132,0
DA:138,0
DA:141,0
DA:145,0
DA:146,0
DA:151,0
DA:165,0
DA:166,0
DA:170,0
DA:171,0
DA:177,0
DA:178,0
DA:185,0
DA:186,0
DA:188,0
DA:198,0
DA:199,0
DA:203,0
DA:204,0
DA:208,0
DA:219,0
DA:229,0
LF:61
LH:0
BRDA:74,0,0,0
BRDA:74,0,1,0
BRDA:130,1,0,0
BRDA:130,1,1,0
BRDA:131,2,0,0
BRDA:131,2,1,0
BRDA:145,3,0,0
BRDA:177,4,0,0
BRDA:177,4,1,0
BRDA:195,5,0,0
BRDA:195,5,1,0
BRDA:198,6,0,0
BRDA:198,6,1,0
BRDA:203,7,0,0
BRDA:20,8,0,0
BRDA:20,8,1,0
BRDA:20,9,0,0
BRDA:20,9,1,0
BRDA:20,10,0,0
BRDA:20,10,1,0
BRDA:20,11,0,0
BRDA:20,11,1,0
BRDA:21,12,0,0
BRDA:21,12,1,0
BRDA:21,13,0,0
BRDA:21,13,1,0
BRDA:22,14,0,0
BRDA:22,14,1,0
BRDA:22,15,0,0
BRDA:22,15,1,0
BRDA:23,16,0,0
BRDA:23,16,1,0
BRDA:23,17,0,0
BRDA:23,17,1,0
BRDA:24,18,0,0
BRDA:24,18,1,0
BRDA:24,19,0,0
BRDA:24,19,1,0
BRDA:25,20,0,0
BRDA:25,20,1,0
BRDA:25,21,0,0
BRDA:25,21,1,0
BRDA:27,22,0,0
BRDA:27,22,1,0
BRDA:27,23,0,0
BRDA:27,23,1,0
BRDA:29,24,0,0
BRDA:29,24,1,0
BRDA:29,25,0,0
BRDA:29,25,1,0
BRF:50
BRH:0
end_of_record
TN:
SF:src\modules\sweeps\providers\contract.provider.ts
FN:28,(anonymous_2)
FN:49,(anonymous_3)
FN:144,(anonymous_4)
FN:186,(anonymous_5)
FN:204,(anonymous_6)
FNF:5
FNH:5
FNDA:120,(anonymous_2)
FNDA:73,(anonymous_3)
FNDA:100,(anonymous_4)
FNDA:4,(anonymous_5)
FNDA:59,(anonymous_6)
DA:1,2
DA:6,2
DA:7,2
DA:19,2
DA:22,2
DA:23,120
DA:28,120
DA:29,120
DA:32,119
DA:36,118
DA:37,117
DA:40,117
DA:52,73
DA:56,73
DA:58,73
DA:61,73
DA:64,73
DA:69,70
DA:72,70
DA:74,52
DA:89,45
DA:91,43
DA:92,6
DA:99,37
DA:102,37
DA:103,37
DA:109,37
DA:115,36
DA:116,36
DA:120,36
DA:145,100
DA:146,100
DA:148,100
DA:151,100
DA:158,100
DA:159,5
DA:160,5
DA:161,4
DA:173,96
DA:175,96
DA:190,4
DA:209,59
DA:210,59
DA:211,59
DA:212,59
LF:45
LH:45
BRDA:38,0,0,1
BRDA:38,0,1,116
BRDA:91,1,0,6
BRDA:145,2,0,100
BRDA:145,2,1,1
BRDA:158,3,0,5
BRDA:160,4,0,4
BRDA:173,5,0,96
BRDA:173,5,1,79
BRDA:209,6,0,59
BRDA:209,6,1,3
BRDA:28,7,0,2
BRDA:28,7,1,0
BRDA:28,8,0,2
BRDA:28,8,1,2
BRF:15
BRH:14
end_of_record
TN:
SF:src\modules\sweeps\providers\sweep-metrics.provider.ts
FN:12,(anonymous_1)
FN:17,(anonymous_2)
FN:22,(anonymous_3)
FN:26,(anonymous_4)
FN:30,(anonymous_5)
FN:36,(anonymous_6)
FN:48,(anonymous_7)
FNF:7
FNH:0
FNDA:0,(anonymous_1)
FNDA:0,(anonymous_2)
FNDA:0,(anonymous_3)
FNDA:0,(anonymous_4)
FNDA:0,(anonymous_5)
FNDA:0,(anonymous_6)
FNDA:0,(anonymous_7)
DA:1,0
DA:3,0
DA:6,0
DA:7,0
DA:9,0
DA:10,0
DA:13,0
DA:14,0
DA:18,0
DA:19,0
DA:23,0
DA:27,0
DA:31,0
DA:32,0
DA:33,0
DA:41,0
DA:49,0
DA:50,0
DA:51,0
DA:52,0
DA:53,0
LF:21
LH:0
BRDA:32,0,0,0
BRDA:50,1,0,0
BRDA:52,2,0,0
BRF:3
BRH:0
end_of_record
TN:
SF:src\modules\sweeps\providers\transaction.provider.ts
FN:59,(anonymous_2)
FN:80,(anonymous_3)
FN:121,(anonymous_4)
FN:200,(anonymous_5)
FN:261,(anonymous_6)
FN:288,(anonymous_7)
FN:346,(anonymous_8)
FN:353,(anonymous_9)
FNF:8
FNH:0
FNDA:0,(anonymous_2)
FNDA:0,(anonymous_3)
FNDA:0,(anonymous_4)
FNDA:0,(anonymous_5)
FNDA:0,(anonymous_6)
FNDA:0,(anonymous_7)
FNDA:0,(anonymous_8)
FNDA:0,(anonymous_9)
DA:1,0
DA:6,0
DA:7,0
DA:16,0
DA:48,0
DA:51,0
DA:52,0
DA:57,0
DA:59,0
DA:61,0
DA:62,0
DA:64,0
DA:65,0
DA:68,0
DA:81,0
DA:84,0
DA:85,0
DA:88,0
DA:91,0
DA:92,0
DA:94,0
DA:95,0
DA:97,0
DA:98,0
DA:101,0
DA:104,0
DA:105,0
DA:106,0
DA:107,0
DA:109,0
DA:110,0
DA:113,0
DA:124,0
DA:128,0
DA:130,0
DA:133,0
DA:138,0
DA:141,0
DA:144,0
DA:159,0
DA:162,0
DA:164,0
DA:166,0
DA:168,0
DA:169,0
DA:171,0
DA:178,0
DA:179,0
DA:185,0
DA:186,0
DA:187,0
DA:190,0
DA:203,0
DA:207,0
DA:209,0
DA:212,0
DA:217,0
DA:220,0
DA:233,0
DA:236,0
DA:238,0
DA:240,0
DA:249,0
DA:250,0
DA:254,0
DA:262,0
DA:263,0
DA:267,0
DA:268,0
DA:269,0
DA:272,0
DA:273,0
DA:294,0
DA:298,0
DA:299,0
DA:302,0
DA:308,0
DA:315,0
DA:318,0
DA:320,0
DA:324,0
DA:331,0
DA:332,0
DA:337,0
DA:350,0
DA:351,0
DA:352,0
DA:353,0
DA:354,0
DA:355,0
DA:357,0
DA:365,0
DA:367,0
DA:368,0
DA:369,0
LF:95
LH:0
BRDA:66,0,0,0
BRDA:66,0,1,0
BRDA:84,1,0,0
BRDA:84,2,0,0
BRDA:84,2,1,0
BRDA:97,3,0,0
BRDA:97,4,0,0
BRDA:97,4,1,0
BRDA:97,4,2,0
BRDA:109,5,0,0
BRDA:109,5,1,0
BRDA:168,6,0,0
BRDA:185,7,0,0
BRDA:262,8,0,0
BRDA:262,9,0,0
BRDA:262,9,1,0
BRDA:268,10,0,0
BRDA:354,11,0,0
BRDA:358,12,0,0
BRDA:358,12,1,0
BRDA:358,12,2,0
BRDA:358,12,3,0
BRDA:358,12,4,0
BRDA:365,13,0,0
BRDA:365,13,1,0
BRDA:59,14,0,0
BRDA:59,14,1,0
BRDA:59,15,0,0
BRDA:59,15,1,0
BRF:29
BRH:0
end_of_record
TN:
SF:src\modules\sweeps\providers\validation.provider.ts
FN:18,(anonymous_4)
FN:26,(anonymous_5)
FN:104,(anonymous_6)
FN:127,(anonymous_7)
FN:167,(anonymous_8)
FNF:5
FNH:0
FNDA:0,(anonymous_4)
FNDA:0,(anonymous_5)
FNDA:0,(anonymous_6)
FNDA:0,(anonymous_7)
FNDA:0,(anonymous_8)
DA:1,0
DA:7,0
DA:8,0
DA:9,0
DA:11,0
DA:12,0
DA:15,0
DA:16,0
DA:20,0
DA:29,0
DA:34,0
DA:39,0
DA:43,0
DA:44,0
DA:50,0
DA:51,0
DA:56,0
DA:57,0
DA:60,0
DA:61,0
DA:67,0
DA:68,0
DA:72,0
DA:73,0
DA:74,0
DA:78,0
DA:79,0
DA:85,0
DA:86,0
DA:90,0
DA:91,0
DA:96,0
DA:108,0
DA:109,0
DA:113,0
DA:114,0
DA:115,0
DA:117,0
DA:118,0
DA:120,0
DA:130,0
DA:134,0
DA:135,0
DA:138,0
DA:139,0
DA:145,0
DA:146,0
DA:149,0
DA:150,0
DA:153,0
DA:154,0
DA:157,0
DA:158,0
DA:161,0
DA:168,0
DA:169,0
DA:173,0
DA:174,0
DA:175,0
DA:178,0
DA:180,0
DA:181,0
DA:185,0
LF:63
LH:0
BRDA:43,0,0,0
BRDA:50,1,0,0
BRDA:56,2,0,0
BRDA:60,3,0,0
BRDA:67,4,0,0
BRDA:73,5,0,0
BRDA:73,6,0,0
BRDA:73,6,1,0
BRDA:78,7,0,0
BRDA:85,8,0,0
BRDA:90,9,0,0
BRDA:113,10,0,0
BRDA:114,11,0,0
BRDA:115,12,0,0
BRDA:134,13,0,0
BRDA:138,14,0,0
BRDA:145,15,0,0
BRDA:149,16,0,0
BRDA:153,17,0,0
BRDA:157,18,0,0
BRDA:168,19,0,0
BRDA:168,20,0,0
BRDA:168,20,1,0
BRDA:174,21,0,0
BRDA:180,22,0,0
BRDA:20,23,0,0
BRDA:20,23,1,0
BRDA:20,24,0,0
BRDA:20,24,1,0
BRF:29
BRH:0
end_of_record
TN:
SF:src\modules\webhooks\webhooks.controller.ts
FN:30,(anonymous_4)
FN:42,(anonymous_5)
FN:56,(anonymous_6)
FN:71,(anonymous_7)
FN:85,(anonymous_8)
FNF:5
FNH:0
FNDA:0,(anonymous_4)
FNDA:0,(anonymous_5)
FNDA:0,(anonymous_6)
FNDA:0,(anonymous_7)
FNDA:0,(anonymous_8)
DA:1,0
DA:11,0
DA:18,0
DA:19,0
DA:20,0
DA:21,0
DA:22,0
DA:23,0
DA:29,0
DA:30,0
DA:42,0
DA:45,0
DA:56,0
DA:57,0
DA:71,0
DA:75,0
DA:85,0
DA:86,0
LF:18
LH:0
BRDA:43,0,0,0
BRDA:43,0,1,0
BRDA:43,1,0,0
BRDA:43,1,1,0
BRDA:44,2,0,0
BRDA:44,2,1,0
BRDA:44,3,0,0
BRDA:44,3,1,0
BRDA:56,4,0,0
BRDA:56,4,1,0
BRDA:56,5,0,0
BRDA:56,5,1,0
BRDA:73,6,0,0
BRDA:73,6,1,0
BRDA:73,7,0,0
BRDA:73,7,1,0
BRDA:74,8,0,0
BRDA:74,8,1,0
BRDA:74,9,0,0
BRDA:74,9,1,0
BRDA:85,10,0,0
BRDA:85,10,1,0
BRDA:85,11,0,0
BRDA:85,11,1,0
BRDA:30,12,0,0
BRDA:30,12,1,0
BRDA:30,13,0,0
BRDA:30,13,1,0
BRF:28
BRH:0
end_of_record
TN:
SF:src\modules\webhooks\webhooks.service.ts
FN:15,(anonymous_13)
FN:22,(anonymous_14)
FN:34,(anonymous_15)
FN:38,(anonymous_16)
FN:41,(anonymous_17)
FN:67,(anonymous_18)
FN:85,(anonymous_19)
FN:109,(anonymous_20)
FN:113,(anonymous_21)
FN:135,(anonymous_22)
FN:174,(anonymous_23)
FN:209,(anonymous_24)
FN:216,(anonymous_25)
FNF:13
FNH:0
FNDA:0,(anonymous_13)
FNDA:0,(anonymous_14)
FNDA:0,(anonymous_15)
FNDA:0,(anonymous_16)
FNDA:0,(anonymous_17)
FNDA:0,(anonymous_18)
FNDA:0,(anonymous_19)
FNDA:0,(anonymous_20)
FNDA:0,(anonymous_21)
FNDA:0,(anonymous_22)
FNDA:0,(anonymous_23)
FNDA:0,(anonymous_24)
FNDA:0,(anonymous_25)
DA:1,0
DA:2,0
DA:3,0
DA:4,0
DA:5,0
DA:6,0
DA:12,0
DA:13,0
DA:17,0
DA:19,0
DA:23,0
DA:30,0
DA:31,0
DA:35,0
DA:38,0
DA:42,0
DA:46,0
DA:47,0
DA:50,0
DA:51,0
DA:54,0
DA:55,0
DA:58,0
DA:59,0
DA:62,0
DA:64,0
DA:68,0
DA:72,0
DA:73,0
DA:76,0
DA:78,0
DA:90,0
DA:91,0
DA:99,0
DA:100,0
DA:103,0
DA:106,0
DA:108,0
DA:109,0
DA:119,0
DA:120,0
DA:121,0
DA:123,0
DA:125,0
DA:127,0
DA:128,0
DA:129,0
DA:130,0
DA:132,0
DA:133,0
DA:134,0
DA:135,0
DA:137,0
DA:138,0
DA:149,0
DA:150,0
DA:151,0
DA:153,0
DA:154,0
DA:156,0
DA:162,0
DA:163,0
DA:164,0
DA:169,0
DA:172,0
DA:173,0
DA:174,0
DA:179,0
DA:180,0
DA:189,0
DA:191,0
DA:192,0
DA:197,0
DA:198,0
DA:202,0
DA:203,0
DA:210,0
DA:217,0
LF:78
LH:0
BRDA:26,0,0,0
BRDA:26,0,1,0
BRDA:27,1,0,0
BRDA:27,1,1,0
BRDA:46,2,0,0
BRDA:50,3,0,0
BRDA:54,4,0,0
BRDA:58,5,0,0
BRDA:72,6,0,0
BRDA:99,7,0,0
BRDA:99,7,1,0
BRDA:106,8,0,0
BRDA:117,9,0,0
BRDA:125,10,0,0
BRDA:125,10,1,0
BRDA:132,11,0,0
BRDA:132,11,1,0
BRDA:151,12,0,0
BRDA:151,12,1,0
BRDA:153,13,0,0
BRDA:153,13,1,0
BRDA:162,14,0,0
BRDA:162,14,1,0
BRDA:172,15,0,0
BRDA:172,16,0,0
BRDA:172,16,1,0
BRDA:187,17,0,0
BRDA:187,17,1,0
BRDA:191,18,0,0
BRDA:191,18,1,0
BRDA:202,19,0,0
BRDA:202,19,1,0
BRDA:211,20,0,0
BRDA:211,20,1,0
BRDA:17,21,0,0
BRDA:17,21,1,0
BRDA:17,22,0,0
BRDA:17,22,1,0
BRDA:17,23,0,0
BRDA:17,23,1,0
BRDA:17,24,0,0
BRDA:17,24,1,0
BRF:42
BRH:0
end_of_record
TN:
SF:src\scripts\migration-cli.ts
FN:37,parseCli
FN:90,createAuditLogger
FN:95,(anonymous_11)
FN:102,(anonymous_12)
FN:113,(anonymous_13)
FN:116,(anonymous_14)
FNF:6
FNH:0
FNDA:0,parseCli
FNDA:0,createAuditLogger
FNDA:0,(anonymous_11)
FNDA:0,(anonymous_12)
FNDA:0,(anonymous_13)
FNDA:0,(anonymous_14)
DA:19,0
DA:20,0
DA:37,0
DA:38,0
DA:47,0
DA:48,0
DA:49,0
DA:50,0
DA:51,0
DA:52,0
DA:53,0
DA:55,0
DA:56,0
DA:57,0
DA:60,0
DA:90,0
DA:91,0
DA:92,0
DA:93,0
DA:95,0
DA:96,0
DA:97,0
DA:98,0
DA:101,0
DA:103,0
DA:104,0
DA:110,0
DA:111,0
DA:114,0
DA:117,0
DA:122,0
LF:31
LH:0
BRDA:48,0,0,0
BRDA:48,0,1,0
BRDA:49,1,0,0
BRDA:49,1,1,0
BRDA:50,2,0,0
BRDA:50,2,1,0
BRDA:51,3,0,0
BRDA:51,3,1,0
BRDA:52,4,0,0
BRDA:52,5,0,0
BRDA:52,5,1,0
BRDA:52,5,2,0
BRDA:55,6,0,0
BRDA:57,7,0,0
BRDA:96,8,0,0
BRDA:103,9,0,0
BRF:16
BRH:0
end_of_record
TN:
SF:src\testing\contract-mock\mock-contract.provider.ts
FNF:0
FNH:0
DA:2,0
DA:4,0
LF:2
LH:0
BRF:0
BRH:0
end_of_record
TN:
SF:src\testing\contract-mock\mock-soroban-server.ts
FN:18,resetMockSorobanServer
FNF:1
FNH:0
FNDA:0,resetMockSorobanServer
DA:3,0
DA:18,0
DA:19,0
DA:20,0
DA:21,0
DA:22,0
DA:23,0
DA:26,0
DA:30,0
DA:36,0
LF:10
LH:0
BRF:0
BRH:0
end_of_record
